android-app/app/build/intermediates/manifest_merge_blame_file/debug/processDebugMainManifest/manifest-merger-blame-debug-report.txt
1<?xml version="1.0" encoding="utf-8"?>
2<manifest xmlns:android="http://schemas.android.com/apk/res/android"
3    package="irl.buckshot.app"
4    android:versionCode="1"
5    android:versionName="1.0" >
6
7    <uses-sdk
8        android:minSdkVersion="23"
9        android:targetSdkVersion="35" />
10
11    <uses-permission android:name="android.permission.INTERNET" />
11-->src/main/AndroidManifest.xml:2:5-67
11-->src/main/AndroidManifest.xml:2:22-64
12    <uses-permission android:name="android.permission.ACCESS_NETWORK_STATE" />
12-->src/main/AndroidManifest.xml:3:5-79
12-->src/main/AndroidManifest.xml:3:22-76
13    <uses-permission android:name="android.permission.CHANGE_WIFI_MULTICAST_STATE" />
13-->src/main/AndroidManifest.xml:4:5-86
13-->src/main/AndroidManifest.xml:4:22-83
14    <uses-permission android:name="android.permission.NFC" />
14-->src/main/AndroidManifest.xml:5:5-62
14-->src/main/AndroidManifest.xml:5:22-59
15    <uses-permission android:name="android.permission.VIBRATE" />
15-->src/main/AndroidManifest.xml:6:5-66
15-->src/main/AndroidManifest.xml:6:22-63
16    <uses-permission android:name="android.permission.WAKE_LOCK" />
16-->src/main/AndroidManifest.xml:7:5-68
16-->src/main/AndroidManifest.xml:7:22-65
17
18    <uses-feature
18-->src/main/AndroidManifest.xml:8:5-82
19        android:name="android.hardware.nfc"
19-->src/main/AndroidManifest.xml:8:19-54
20        android:required="false" />
20-->src/main/AndroidManifest.xml:8:55-79
21
22    <application
22-->src/main/AndroidManifest.xml:10:5-34:19
23        android:allowBackup="false"
23-->src/main/AndroidManifest.xml:11:9-36
24        android:debuggable="true"
25        android:extractNativeLibs="false"
26        android:label="Buckshot IRL"
26-->src/main/AndroidManifest.xml:12:9-37
27        android:theme="@style/AppTheme"
27-->src/main/AndroidManifest.xml:13:9-40
28        android:usesCleartextTraffic="true" >
28-->src/main/AndroidManifest.xml:14:9-44
29        <activity
29-->src/main/AndroidManifest.xml:15:9-33:20
30            android:name="irl.buckshot.app.MainActivity"
30-->src/main/AndroidManifest.xml:16:13-41
31            android:configChanges="keyboardHidden|orientation|screenSize"
31-->src/main/AndroidManifest.xml:17:13-74
32            android:exported="true"
32-->src/main/AndroidManifest.xml:18:13-36
33            android:screenOrientation="landscape" >
33-->src/main/AndroidManifest.xml:19:13-50
34            <intent-filter>
34-->src/main/AndroidManifest.xml:20:13-23:29
35                <action android:name="android.intent.action.MAIN" />
35-->src/main/AndroidManifest.xml:21:17-69
35-->src/main/AndroidManifest.xml:21:25-66
36
37                <category android:name="android.intent.category.LAUNCHER" />
37-->src/main/AndroidManifest.xml:22:17-77
37-->src/main/AndroidManifest.xml:22:27-74
38            </intent-filter>
39            <intent-filter>
39-->src/main/AndroidManifest.xml:24:13-28:29
40                <action android:name="android.nfc.action.NDEF_DISCOVERED" />
40-->src/main/AndroidManifest.xml:25:17-77
40-->src/main/AndroidManifest.xml:25:25-74
41
42                <category android:name="android.intent.category.DEFAULT" />
42-->src/main/AndroidManifest.xml:26:17-76
42-->src/main/AndroidManifest.xml:26:27-73
43
44                <data android:mimeType="text/plain" />
44-->src/main/AndroidManifest.xml:27:17-55
44-->src/main/AndroidManifest.xml:27:23-52
45            </intent-filter>
46            <intent-filter>
46-->src/main/AndroidManifest.xml:29:13-32:29
47                <action android:name="android.nfc.action.TAG_DISCOVERED" />
47-->src/main/AndroidManifest.xml:30:17-76
47-->src/main/AndroidManifest.xml:30:25-73
48
49                <category android:name="android.intent.category.DEFAULT" />
49-->src/main/AndroidManifest.xml:26:17-76
49-->src/main/AndroidManifest.xml:26:27-73
50            </intent-filter>
51        </activity>
52    </application>
53
54</manifest>